Performing C SOURCE FILE Test CMAKE_HAVE_LIBC_PTHREAD failed with the following output:
Change Dir: /home/mikael/projets/SETR/Laboratoire_3/src/build/CMakeFiles/CMakeTmp

Run Build Command(s):/usr/bin/make cmTC_8f889/fast && /usr/bin/make  -f CMakeFiles/cmTC_8f889.dir/build.make CMakeFiles/cmTC_8f889.dir/build
make[1]: Entering directory '/home/mikael/projets/SETR/Laboratoire_3/src/build/CMakeFiles/CMakeTmp'
Building C object CMakeFiles/cmTC_8f889.dir/src.c.o
/home/mikael/arm-cross-comp-env/arm-raspbian-linux-gnueabihf/bin/arm-raspbian-linux-gnueabihf-gcc --sysroot=/home/mikael/arm-cross-comp-env/arm-raspbian-linux-gnueabihf/arm-raspbian-linux-gnueabihf/sysroot -DCMAKE_HAVE_LIBC_PTHREAD  -Wl,-rpath-link,/home/mikael/arm-cross-comp-env/arm-raspbian-linux-gnueabihf/arm-raspbian-linux-gnueabihf/sysroot/opt/vc/lib -Wl,-rpath-link,/home/mikael/arm-cross-comp-env/arm-raspbian-linux-gnueabihf/arm-raspbian-linux-gnueabihf/sysroot/lib/arm-linux-gnueabihf -Wl,-rpath-link,/home/mikael/arm-cross-comp-env/arm-raspbian-linux-gnueabihf/arm-raspbian-linux-gnueabihf/sysroot/usr/lib/arm-linux-gnueabihf -Wl,-rpath-link,/home/mikael/arm-cross-comp-env/arm-raspbian-linux-gnueabihf/arm-raspbian-linux-gnueabihf/sysroot/usr/local/lib  -o CMakeFiles/cmTC_8f889.dir/src.c.o -c /home/mikael/projets/SETR/Laboratoire_3/src/build/CMakeFiles/CMakeTmp/src.c
Linking C executable cmTC_8f889
/usr/local/bin/cmake -E cmake_link_script CMakeFiles/cmTC_8f889.dir/link.txt --verbose=1
/home/mikael/arm-cross-comp-env/arm-raspbian-linux-gnueabihf/bin/arm-raspbian-linux-gnueabihf-gcc --sysroot=/home/mikael/arm-cross-comp-env/arm-raspbian-linux-gnueabihf/arm-raspbian-linux-gnueabihf/sysroot -Wl,-rpath-link,/home/mikael/arm-cross-comp-env/arm-raspbian-linux-gnueabihf/arm-raspbian-linux-gnueabihf/sysroot/opt/vc/lib -Wl,-rpath-link,/home/mikael/arm-cross-comp-env/arm-raspbian-linux-gnueabihf/arm-raspbian-linux-gnueabihf/sysroot/lib/arm-linux-gnueabihf -Wl,-rpath-link,/home/mikael/arm-cross-comp-env/arm-raspbian-linux-gnueabihf/arm-raspbian-linux-gnueabihf/sysroot/usr/lib/arm-linux-gnueabihf -Wl,-rpath-link,/home/mikael/arm-cross-comp-env/arm-raspbian-linux-gnueabihf/arm-raspbian-linux-gnueabihf/sysroot/usr/local/lib  -rdynamic CMakeFiles/cmTC_8f889.dir/src.c.o -o cmTC_8f889 
CMakeFiles/cmTC_8f889.dir/src.c.o: In function `main':
src.c:(.text+0x40): undefined reference to `pthread_create'
src.c:(.text+0x4c): undefined reference to `pthread_detach'
src.c:(.text+0x58): undefined reference to `pthread_cancel'
src.c:(.text+0x68): undefined reference to `pthread_join'
collect2: error: ld returned 1 exit status
make[1]: *** [CMakeFiles/cmTC_8f889.dir/build.make:106: cmTC_8f889] Error 1
make[1]: Leaving directory '/home/mikael/projets/SETR/Laboratoire_3/src/build/CMakeFiles/CMakeTmp'
make: *** [Makefile:140: cmTC_8f889/fast] Error 2


Source file was:
#include <pthread.h>

static void* test_func(void* data)
{
  return data;
}

int main(void)
{
  pthread_t thread;
  pthread_create(&thread, NULL, test_func, NULL);
  pthread_detach(thread);
  pthread_cancel(thread);
  pthread_join(thread, NULL);
  pthread_atfork(NULL, NULL, NULL);
  pthread_exit(NULL);

  return 0;
}

